<?xml version="1.0" encoding="UTF-8"?>
<!-- Generated by org.testng.reporters.JUnitXMLReporter -->
<testsuite ignored="0" hostname="DESKTOP-9IFTCKI" failures="3" tests="3" name="firefox" time="43.001" errors="0" timestamp="2023-11-20T21:15:04 IST">
  <testcase classname="com.testCases.TC_003_LoginDataDrivenTest" name="dataDrivenTest" time="30.483">
    <failure type="java.lang.AssertionError" message="null">
      <![CDATA[java.lang.AssertionError: null
at com.testCases.TC_003_LoginDataDrivenTest.dataDrivenTest(TC_003_LoginDataDrivenTest.java:50)
at java.base/java.util.ArrayList.forEach(ArrayList.java:1511)
at java.base/java.util.concurrent.FutureTask.run(FutureTask.java:317)
at java.base/java.util.concurrent.ThreadPoolExecutor.runWorker(ThreadPoolExecutor.java:1144)
at java.base/java.util.concurrent.ThreadPoolExecutor$Worker.run(ThreadPoolExecutor.java:642)
at java.base/java.lang.Thread.run(Thread.java:1623)
... Removed 17 stack frames]]>
    </failure>
  </testcase> <!-- dataDrivenTest -->
  <testcase classname="com.testCases.TC_003_LoginDataDrivenTest" name="dataDrivenTest" time="0.513">
    <failure type="java.lang.AssertionError" message="null">
      <![CDATA[java.lang.AssertionError: null
at com.testCases.TC_003_LoginDataDrivenTest.dataDrivenTest(TC_003_LoginDataDrivenTest.java:50)
at java.base/java.util.ArrayList.forEach(ArrayList.java:1511)
at java.base/java.util.concurrent.FutureTask.run(FutureTask.java:317)
at java.base/java.util.concurrent.ThreadPoolExecutor.runWorker(ThreadPoolExecutor.java:1144)
at java.base/java.util.concurrent.ThreadPoolExecutor$Worker.run(ThreadPoolExecutor.java:642)
at java.base/java.lang.Thread.run(Thread.java:1623)
... Removed 17 stack frames]]>
    </failure>
  </testcase> <!-- dataDrivenTest -->
  <testcase classname="com.testCases.TC_003_LoginDataDrivenTest" name="dataDrivenTest" time="2.848">
    <failure type="java.lang.AssertionError" message="null">
      <![CDATA[java.lang.AssertionError: null
at com.testCases.TC_003_LoginDataDrivenTest.dataDrivenTest(TC_003_LoginDataDrivenTest.java:50)
at java.base/java.util.ArrayList.forEach(ArrayList.java:1511)
at java.base/java.util.concurrent.FutureTask.run(FutureTask.java:317)
at java.base/java.util.concurrent.ThreadPoolExecutor.runWorker(ThreadPoolExecutor.java:1144)
at java.base/java.util.concurrent.ThreadPoolExecutor$Worker.run(ThreadPoolExecutor.java:642)
at java.base/java.lang.Thread.run(Thread.java:1623)
... Removed 17 stack frames]]>
    </failure>
  </testcase> <!-- dataDrivenTest -->
</testsuite> <!-- firefox -->
