<?xml version="1.0" encoding="UTF-8"?>
<testng-results ignored="0" total="1" passed="1" failed="0" skipped="0">
  <reporter-output>
  </reporter-output>
  <suite started-at="2023-11-20T21:38:13 IST" name="Suite" finished-at="2023-11-20T21:38:19 IST" duration-ms="6346">
    <groups>
      <group name="sanity">
        <method signature="LoginTest.LoginTestCase()[pri:0, instance:com.testCases.LoginTest@7f0eb4b4]" name="LoginTestCase" class="com.testCases.LoginTest"/>
      </group> <!-- sanity -->
      <group name="master">
        <method signature="LoginTest.LoginTestCase()[pri:0, instance:com.testCases.LoginTest@7f0eb4b4]" name="LoginTestCase" class="com.testCases.LoginTest"/>
      </group> <!-- master -->
    </groups>
    <test started-at="2023-11-20T21:38:13 IST" name="chrome" finished-at="2023-11-20T21:38:19 IST" duration-ms="6346">
      <class name="com.testCases.LoginTest">
        <test-method is-config="true" signature="Setup(java.lang.String)[pri:0, instance:com.testCases.LoginTest@7f0eb4b4]" started-at="2023-11-20T21:38:13 IST" name="Setup" finished-at="2023-11-20T21:38:17 IST" duration-ms="4198" status="PASS">
          <params>
            <param index="0">
              <value>
                <![CDATA[chrome]]>
              </value>
            </param>
          </params>
          <reporter-output>
          </reporter-output>
        </test-method> <!-- Setup -->
        <test-method signature="LoginTestCase()[pri:0, instance:com.testCases.LoginTest@7f0eb4b4]" started-at="2023-11-20T21:38:17 IST" name="LoginTestCase" finished-at="2023-11-20T21:38:19 IST" duration-ms="1770" status="PASS">
          <reporter-output>
          </reporter-output>
        </test-method> <!-- LoginTestCase -->
        <test-method is-config="true" signature="tearDown()[pri:0, instance:com.testCases.LoginTest@7f0eb4b4]" started-at="2023-11-20T21:38:19 IST" name="tearDown" finished-at="2023-11-20T21:38:19 IST" duration-ms="308" status="PASS">
          <reporter-output>
          </reporter-output>
        </test-method> <!-- tearDown -->
      </class> <!-- com.testCases.LoginTest -->
    </test> <!-- chrome -->
  </suite> <!-- Suite -->
</testng-results>
