<?xml version="1.0" encoding="UTF-8"?>
<!-- Generated by org.testng.reporters.JUnitXMLReporter -->
<testsuite ignored="0" hostname="DESKTOP-9IFTCKI" failures="0" tests="3" name="chrome" time="7.212" errors="0" timestamp="2023-11-25T22:41:35 IST">
  <testcase classname="com.testCases.TC_003_LoginDataDrivenTest" name="dataDrivenTest" time="1.211"/>
  <testcase classname="com.testCases.TC_003_LoginDataDrivenTest" name="dataDrivenTest" time="0.786"/>
  <testcase classname="com.testCases.TC_003_LoginDataDrivenTest" name="dataDrivenTest" time="0.782"/>
</testsuite> <!-- chrome -->
