<?xml version="1.0" encoding="UTF-8"?>
<testng-results ignored="0" total="6" passed="4" failed="2" skipped="0">
  <reporter-output>
  </reporter-output>
  <suite started-at="2023-11-20T21:31:14 IST" name="Suite" finished-at="2023-11-20T21:34:02 IST" duration-ms="167955">
    <groups>
    </groups>
    <test started-at="2023-11-20T21:31:14 IST" name="chrome" finished-at="2023-11-20T21:32:51 IST" duration-ms="97689">
      <class name="com.testCases.TC_003_LoginDataDrivenTest">
        <test-method is-config="true" signature="Setup(java.lang.String)[pri:0, instance:com.testCases.TC_003_LoginDataDrivenTest@139982de]" started-at="2023-11-20T21:31:14 IST" name="Setup" finished-at="2023-11-20T21:31:17 IST" duration-ms="3181" status="PASS">
          <params>
            <param index="0">
              <value>
                <![CDATA[chrome]]>
              </value>
            </param>
          </params>
          <reporter-output>
          </reporter-output>
        </test-method> <!-- Setup -->
        <test-method signature="dataDrivenTest(java.lang.String,java.lang.String,java.lang.String)[pri:0, instance:com.testCases.TC_003_LoginDataDrivenTest@139982de]" started-at="2023-11-20T21:31:18 IST" name="dataDrivenTest" data-provider="LoginData" finished-at="2023-11-20T21:31:49 IST" duration-ms="31154" status="PASS">
          <params>
            <param index="0">
              <value>
                <![CDATA[test@gmail.com]]>
              </value>
            </param>
            <param index="1">
              <value>
                <![CDATA[123]]>
              </value>
            </param>
            <param index="2">
              <value>
                <![CDATA[invalid]]>
              </value>
            </param>
          </params>
          <reporter-output>
          </reporter-output>
        </test-method> <!-- dataDrivenTest -->
        <test-method signature="dataDrivenTest(java.lang.String,java.lang.String,java.lang.String)[pri:0, instance:com.testCases.TC_003_LoginDataDrivenTest@139982de]" started-at="2023-11-20T21:31:49 IST" name="dataDrivenTest" data-provider="LoginData" finished-at="2023-11-20T21:32:19 IST" duration-ms="30710" status="PASS">
          <params>
            <param index="0">
              <value>
                <![CDATA[user@gmail.com]]>
              </value>
            </param>
            <param index="1">
              <value>
                <![CDATA[124]]>
              </value>
            </param>
            <param index="2">
              <value>
                <![CDATA[invalid]]>
              </value>
            </param>
          </params>
          <reporter-output>
          </reporter-output>
        </test-method> <!-- dataDrivenTest -->
        <test-method signature="dataDrivenTest(java.lang.String,java.lang.String,java.lang.String)[pri:0, instance:com.testCases.TC_003_LoginDataDrivenTest@139982de]" started-at="2023-11-20T21:32:19 IST" name="dataDrivenTest" data-provider="LoginData" finished-at="2023-11-20T21:32:51 IST" duration-ms="31320" status="FAIL">
          <params>
            <param index="0">
              <value>
                <![CDATA[YRHlpUA@gmail.com]]>
              </value>
            </param>
            <param index="1">
              <value>
                <![CDATA[XfKNnLt@)!]]>
              </value>
            </param>
            <param index="2">
              <value>
                <![CDATA[valid]]>
              </value>
            </param>
          </params>
          <exception class="java.lang.AssertionError">
            <message>
              <![CDATA[null]]>
            </message>
            <full-stacktrace>
              <![CDATA[java.lang.AssertionError: null
at org.testng.Assert.fail(Assert.java:111)
at org.testng.Assert.fail(Assert.java:116)
at com.testCases.TC_003_LoginDataDrivenTest.dataDrivenTest(TC_003_LoginDataDrivenTest.java:50)
at java.base/jdk.internal.reflect.DirectMethodHandleAccessor.invoke(DirectMethodHandleAccessor.java:104)
at java.base/java.lang.reflect.Method.invoke(Method.java:578)
at org.testng.internal.invokers.MethodInvocationHelper.invokeMethod(MethodInvocationHelper.java:139)
at org.testng.internal.invokers.TestInvoker.invokeMethod(TestInvoker.java:664)
at org.testng.internal.invokers.TestInvoker.invokeTestMethod(TestInvoker.java:227)
at org.testng.internal.invokers.MethodRunner.runInSequence(MethodRunner.java:50)
at org.testng.internal.invokers.TestInvoker$MethodInvocationAgent.invoke(TestInvoker.java:957)
at org.testng.internal.invokers.TestInvoker.invokeTestMethods(TestInvoker.java:200)
at org.testng.internal.invokers.TestMethodWorker.invokeTestMethods(TestMethodWorker.java:148)
at org.testng.internal.invokers.TestMethodWorker.run(TestMethodWorker.java:128)
at java.base/java.util.ArrayList.forEach(ArrayList.java:1511)
at org.testng.TestRunner.privateRun(TestRunner.java:848)
at org.testng.TestRunner.run(TestRunner.java:621)
at org.testng.SuiteRunner.runTest(SuiteRunner.java:443)
at org.testng.SuiteRunner.runSequentially(SuiteRunner.java:437)
at org.testng.SuiteRunner.privateRun(SuiteRunner.java:397)
at org.testng.SuiteRunner.run(SuiteRunner.java:336)
at org.testng.SuiteRunnerWorker.runSuite(SuiteRunnerWorker.java:52)
at org.testng.SuiteRunnerWorker.run(SuiteRunnerWorker.java:95)
at org.testng.TestNG.runSuitesSequentially(TestNG.java:1280)
at org.testng.TestNG.runSuitesLocally(TestNG.java:1200)
at org.testng.TestNG.runSuites(TestNG.java:1114)
at org.testng.TestNG.run(TestNG.java:1082)
at org.testng.remote.AbstractRemoteTestNG.run(AbstractRemoteTestNG.java:115)
at org.testng.remote.RemoteTestNG.initAndRun(RemoteTestNG.java:251)
at org.testng.remote.RemoteTestNG.main(RemoteTestNG.java:77)
]]>
            </full-stacktrace>
          </exception> <!-- java.lang.AssertionError -->
          <reporter-output>
          </reporter-output>
        </test-method> <!-- dataDrivenTest -->
        <test-method is-config="true" signature="tearDown()[pri:0, instance:com.testCases.TC_003_LoginDataDrivenTest@139982de]" started-at="2023-11-20T21:32:51 IST" name="tearDown" finished-at="2023-11-20T21:32:51 IST" duration-ms="321" status="PASS">
          <reporter-output>
          </reporter-output>
        </test-method> <!-- tearDown -->
      </class> <!-- com.testCases.TC_003_LoginDataDrivenTest -->
    </test> <!-- chrome -->
    <test started-at="2023-11-20T21:32:52 IST" name="firefox" finished-at="2023-11-20T21:34:02 IST" duration-ms="69890">
      <class name="com.testCases.TC_003_LoginDataDrivenTest">
        <test-method is-config="true" signature="Setup(java.lang.String)[pri:0, instance:com.testCases.TC_003_LoginDataDrivenTest@fa4c865]" started-at="2023-11-20T21:32:52 IST" name="Setup" finished-at="2023-11-20T21:32:55 IST" duration-ms="3554" status="PASS">
          <params>
            <param index="0">
              <value>
                <![CDATA[firefox]]>
              </value>
            </param>
          </params>
          <reporter-output>
          </reporter-output>
        </test-method> <!-- Setup -->
        <test-method signature="dataDrivenTest(java.lang.String,java.lang.String,java.lang.String)[pri:0, instance:com.testCases.TC_003_LoginDataDrivenTest@fa4c865]" started-at="2023-11-20T21:32:55 IST" name="dataDrivenTest" data-provider="LoginData" finished-at="2023-11-20T21:33:26 IST" duration-ms="31113" status="PASS">
          <params>
            <param index="0">
              <value>
                <![CDATA[test@gmail.com]]>
              </value>
            </param>
            <param index="1">
              <value>
                <![CDATA[123]]>
              </value>
            </param>
            <param index="2">
              <value>
                <![CDATA[invalid]]>
              </value>
            </param>
          </params>
          <reporter-output>
          </reporter-output>
        </test-method> <!-- dataDrivenTest -->
        <test-method signature="dataDrivenTest(java.lang.String,java.lang.String,java.lang.String)[pri:0, instance:com.testCases.TC_003_LoginDataDrivenTest@fa4c865]" started-at="2023-11-20T21:33:26 IST" name="dataDrivenTest" data-provider="LoginData" finished-at="2023-11-20T21:33:58 IST" duration-ms="31158" status="PASS">
          <params>
            <param index="0">
              <value>
                <![CDATA[user@gmail.com]]>
              </value>
            </param>
            <param index="1">
              <value>
                <![CDATA[124]]>
              </value>
            </param>
            <param index="2">
              <value>
                <![CDATA[invalid]]>
              </value>
            </param>
          </params>
          <reporter-output>
          </reporter-output>
        </test-method> <!-- dataDrivenTest -->
        <test-method signature="dataDrivenTest(java.lang.String,java.lang.String,java.lang.String)[pri:0, instance:com.testCases.TC_003_LoginDataDrivenTest@fa4c865]" started-at="2023-11-20T21:33:58 IST" name="dataDrivenTest" data-provider="LoginData" finished-at="2023-11-20T21:33:59 IST" duration-ms="1269" status="FAIL">
          <params>
            <param index="0">
              <value>
                <![CDATA[YRHlpUA@gmail.com]]>
              </value>
            </param>
            <param index="1">
              <value>
                <![CDATA[XfKNnLt@)!]]>
              </value>
            </param>
            <param index="2">
              <value>
                <![CDATA[valid]]>
              </value>
            </param>
          </params>
          <exception class="java.lang.AssertionError">
            <message>
              <![CDATA[null]]>
            </message>
            <full-stacktrace>
              <![CDATA[java.lang.AssertionError: null
at org.testng.Assert.fail(Assert.java:111)
at org.testng.Assert.fail(Assert.java:116)
at com.testCases.TC_003_LoginDataDrivenTest.dataDrivenTest(TC_003_LoginDataDrivenTest.java:50)
at java.base/jdk.internal.reflect.DirectMethodHandleAccessor.invoke(DirectMethodHandleAccessor.java:104)
at java.base/java.lang.reflect.Method.invoke(Method.java:578)
at org.testng.internal.invokers.MethodInvocationHelper.invokeMethod(MethodInvocationHelper.java:139)
at org.testng.internal.invokers.TestInvoker.invokeMethod(TestInvoker.java:664)
at org.testng.internal.invokers.TestInvoker.invokeTestMethod(TestInvoker.java:227)
at org.testng.internal.invokers.MethodRunner.runInSequence(MethodRunner.java:50)
at org.testng.internal.invokers.TestInvoker$MethodInvocationAgent.invoke(TestInvoker.java:957)
at org.testng.internal.invokers.TestInvoker.invokeTestMethods(TestInvoker.java:200)
at org.testng.internal.invokers.TestMethodWorker.invokeTestMethods(TestMethodWorker.java:148)
at org.testng.internal.invokers.TestMethodWorker.run(TestMethodWorker.java:128)
at java.base/java.util.ArrayList.forEach(ArrayList.java:1511)
at org.testng.TestRunner.privateRun(TestRunner.java:848)
at org.testng.TestRunner.run(TestRunner.java:621)
at org.testng.SuiteRunner.runTest(SuiteRunner.java:443)
at org.testng.SuiteRunner.runSequentially(SuiteRunner.java:437)
at org.testng.SuiteRunner.privateRun(SuiteRunner.java:397)
at org.testng.SuiteRunner.run(SuiteRunner.java:336)
at org.testng.SuiteRunnerWorker.runSuite(SuiteRunnerWorker.java:52)
at org.testng.SuiteRunnerWorker.run(SuiteRunnerWorker.java:95)
at org.testng.TestNG.runSuitesSequentially(TestNG.java:1280)
at org.testng.TestNG.runSuitesLocally(TestNG.java:1200)
at org.testng.TestNG.runSuites(TestNG.java:1114)
at org.testng.TestNG.run(TestNG.java:1082)
at org.testng.remote.AbstractRemoteTestNG.run(AbstractRemoteTestNG.java:115)
at org.testng.remote.RemoteTestNG.initAndRun(RemoteTestNG.java:251)
at org.testng.remote.RemoteTestNG.main(RemoteTestNG.java:77)
]]>
            </full-stacktrace>
          </exception> <!-- java.lang.AssertionError -->
          <reporter-output>
          </reporter-output>
        </test-method> <!-- dataDrivenTest -->
        <test-method is-config="true" signature="tearDown()[pri:0, instance:com.testCases.TC_003_LoginDataDrivenTest@fa4c865]" started-at="2023-11-20T21:33:59 IST" name="tearDown" finished-at="2023-11-20T21:34:02 IST" duration-ms="2674" status="PASS">
          <reporter-output>
          </reporter-output>
        </test-method> <!-- tearDown -->
      </class> <!-- com.testCases.TC_003_LoginDataDrivenTest -->
    </test> <!-- firefox -->
  </suite> <!-- Suite -->
</testng-results>
