<?xml version="1.0" encoding="UTF-8"?>
<testng-results ignored="0" total="2" passed="2" failed="0" skipped="0">
  <reporter-output>
  </reporter-output>
  <suite started-at="2023-11-22T06:36:32 IST" name="Suite" finished-at="2023-11-22T06:36:49 IST" duration-ms="17681">
    <groups>
      <group name="sanity">
        <method signature="LoginTest.LoginTestCase()[pri:0, instance:com.testCases.LoginTest@1e800aaa]" name="LoginTestCase" class="com.testCases.LoginTest"/>
        <method signature="LoginTest.LoginTestCase()[pri:0, instance:com.testCases.LoginTest@38afe297]" name="LoginTestCase" class="com.testCases.LoginTest"/>
      </group> <!-- sanity -->
      <group name="master">
        <method signature="LoginTest.LoginTestCase()[pri:0, instance:com.testCases.LoginTest@1e800aaa]" name="LoginTestCase" class="com.testCases.LoginTest"/>
        <method signature="LoginTest.LoginTestCase()[pri:0, instance:com.testCases.LoginTest@38afe297]" name="LoginTestCase" class="com.testCases.LoginTest"/>
      </group> <!-- master -->
    </groups>
    <test started-at="2023-11-22T06:36:32 IST" name="chrome" finished-at="2023-11-22T06:36:43 IST" duration-ms="11564">
      <class name="com.testCases.LoginTest">
        <test-method is-config="true" signature="Setup(java.lang.String)[pri:0, instance:com.testCases.LoginTest@1e800aaa]" started-at="2023-11-22T06:36:32 IST" name="Setup" finished-at="2023-11-22T06:36:38 IST" duration-ms="6327" status="PASS">
          <params>
            <param index="0">
              <value>
                <![CDATA[chrome]]>
              </value>
            </param>
          </params>
          <reporter-output>
          </reporter-output>
        </test-method> <!-- Setup -->
        <test-method signature="LoginTestCase()[pri:0, instance:com.testCases.LoginTest@1e800aaa]" started-at="2023-11-22T06:36:38 IST" name="LoginTestCase" finished-at="2023-11-22T06:36:42 IST" duration-ms="4345" status="PASS">
          <reporter-output>
          </reporter-output>
        </test-method> <!-- LoginTestCase -->
        <test-method is-config="true" signature="tearDown()[pri:0, instance:com.testCases.LoginTest@1e800aaa]" started-at="2023-11-22T06:36:42 IST" name="tearDown" finished-at="2023-11-22T06:36:43 IST" duration-ms="760" status="PASS">
          <reporter-output>
          </reporter-output>
        </test-method> <!-- tearDown -->
      </class> <!-- com.testCases.LoginTest -->
    </test> <!-- chrome -->
    <test started-at="2023-11-22T06:36:32 IST" name="firefox" finished-at="2023-11-22T06:36:49 IST" duration-ms="17681">
      <class name="com.testCases.LoginTest">
        <test-method is-config="true" signature="Setup(java.lang.String)[pri:0, instance:com.testCases.LoginTest@38afe297]" started-at="2023-11-22T06:36:32 IST" name="Setup" finished-at="2023-11-22T06:36:45 IST" duration-ms="12918" status="PASS">
          <params>
            <param index="0">
              <value>
                <![CDATA[firefox]]>
              </value>
            </param>
          </params>
          <reporter-output>
          </reporter-output>
        </test-method> <!-- Setup -->
        <test-method signature="LoginTestCase()[pri:0, instance:com.testCases.LoginTest@38afe297]" started-at="2023-11-22T06:36:45 IST" name="LoginTestCase" finished-at="2023-11-22T06:36:47 IST" duration-ms="2657" status="PASS">
          <reporter-output>
          </reporter-output>
        </test-method> <!-- LoginTestCase -->
        <test-method is-config="true" signature="tearDown()[pri:0, instance:com.testCases.LoginTest@38afe297]" started-at="2023-11-22T06:36:47 IST" name="tearDown" finished-at="2023-11-22T06:36:49 IST" duration-ms="2041" status="PASS">
          <reporter-output>
          </reporter-output>
        </test-method> <!-- tearDown -->
      </class> <!-- com.testCases.LoginTest -->
    </test> <!-- firefox -->
  </suite> <!-- Suite -->
</testng-results>
